2020-08-07 09:45:30.779 [http-nio-80-exec-1] DEBUG com.my.blog.website.service.impl.ContentServiceImpl - Enter getContents method
2020-08-07 09:45:30.937 [http-nio-80-exec-1] DEBUG com.my.blog.website.service.impl.ContentServiceImpl - Exit getContents method
2020-08-07 09:45:49.485 [http-nio-80-exec-8] DEBUG com.my.blog.website.service.impl.ContentServiceImpl - Enter getContents method
2020-08-07 09:45:49.493 [http-nio-80-exec-8] DEBUG com.my.blog.website.service.impl.ContentServiceImpl - Exit getContents method
2020-08-07 09:45:51.192 [http-nio-80-exec-2] DEBUG com.my.blog.website.service.impl.SiteServiceImpl - Enter getArchives method
2020-08-07 09:45:51.206 [http-nio-80-exec-2] DEBUG com.my.blog.website.service.impl.SiteServiceImpl - Exit getArchives method
2020-08-07 09:46:03.854 [http-nio-80-exec-4] DEBUG com.my.blog.website.service.impl.SiteServiceImpl - Enter getArchives method
2020-08-07 09:46:03.862 [http-nio-80-exec-4] DEBUG com.my.blog.website.service.impl.SiteServiceImpl - Exit getArchives method
2020-08-07 09:46:07.935 [http-nio-80-exec-6] DEBUG com.my.blog.website.service.impl.SiteServiceImpl - Enter getArchives method
2020-08-07 09:46:07.945 [http-nio-80-exec-6] DEBUG com.my.blog.website.service.impl.SiteServiceImpl - Exit getArchives method
2020-08-07 09:46:13.432 [http-nio-80-exec-8] DEBUG com.my.blog.website.service.impl.ContentServiceImpl - Enter getContents method
2020-08-07 09:46:13.442 [http-nio-80-exec-8] DEBUG com.my.blog.website.service.impl.ContentServiceImpl - Exit getContents method
2020-08-07 09:46:57.723 [http-nio-80-exec-4] DEBUG com.my.blog.website.service.impl.ContentServiceImpl - Enter getContents method
2020-08-07 09:46:57.729 [http-nio-80-exec-4] DEBUG com.my.blog.website.service.impl.ContentServiceImpl - Exit getContents method
2020-08-07 09:47:13.217 [http-nio-80-exec-9] DEBUG com.my.blog.website.service.impl.ContentServiceImpl - Enter getContents method
2020-08-07 09:47:13.223 [http-nio-80-exec-9] DEBUG com.my.blog.website.service.impl.ContentServiceImpl - Exit getContents method
2020-08-07 09:50:08.241 [http-nio-80-exec-1] DEBUG com.my.blog.website.service.impl.ContentServiceImpl - Enter getContents method
2020-08-07 09:50:08.255 [http-nio-80-exec-1] DEBUG com.my.blog.website.service.impl.ContentServiceImpl - Exit getContents method
2020-08-07 10:18:08.378 [http-nio-80-exec-1] DEBUG com.my.blog.website.service.impl.ContentServiceImpl - Enter getContents method
2020-08-07 10:18:08.705 [http-nio-80-exec-1] DEBUG com.my.blog.website.service.impl.ContentServiceImpl - Exit getContents method
2020-08-07 10:18:14.548 [http-nio-80-exec-3] DEBUG com.my.blog.website.service.impl.SiteServiceImpl - Enter getArchives method
2020-08-07 10:18:14.574 [http-nio-80-exec-3] DEBUG com.my.blog.website.service.impl.SiteServiceImpl - Exit getArchives method
2020-08-07 10:18:23.697 [http-nio-80-exec-5] DEBUG com.my.blog.website.service.impl.ContentServiceImpl - Enter getContents method
2020-08-07 10:18:23.717 [http-nio-80-exec-5] DEBUG com.my.blog.website.service.impl.ContentServiceImpl - Exit getContents method
2020-08-07 10:25:28.663 [http-nio-80-exec-4] DEBUG com.my.blog.website.service.impl.SiteServiceImpl - Enter getArchives method
2020-08-07 10:25:28.691 [http-nio-80-exec-4] DEBUG com.my.blog.website.service.impl.SiteServiceImpl - Exit getArchives method
2020-08-07 10:25:30.856 [http-nio-80-exec-2] DEBUG com.my.blog.website.service.impl.ContentServiceImpl - Enter getContents method
2020-08-07 10:25:30.878 [http-nio-80-exec-2] DEBUG com.my.blog.website.service.impl.ContentServiceImpl - Exit getContents method
2020-08-07 10:25:41.055 [http-nio-80-exec-6] DEBUG com.my.blog.website.service.impl.SiteServiceImpl - Enter getArchives method
2020-08-07 10:25:41.073 [http-nio-80-exec-6] DEBUG com.my.blog.website.service.impl.SiteServiceImpl - Exit getArchives method
2020-08-07 10:25:43.677 [http-nio-80-exec-7] DEBUG com.my.blog.website.service.impl.SiteServiceImpl - Enter getArchives method
2020-08-07 10:25:43.694 [http-nio-80-exec-7] DEBUG com.my.blog.website.service.impl.SiteServiceImpl - Exit getArchives method
2020-08-07 10:25:45.541 [http-nio-80-exec-9] DEBUG com.my.blog.website.service.impl.ContentServiceImpl - Enter getContents method
2020-08-07 10:25:45.556 [http-nio-80-exec-9] DEBUG com.my.blog.website.service.impl.ContentServiceImpl - Exit getContents method
2020-08-07 12:34:14.579 [http-nio-80-exec-7] INFO  com.my.blog.website.controller.admin.IndexController - Enter admin index method
2020-08-07 12:34:14.580 [http-nio-80-exec-7] DEBUG com.my.blog.website.service.impl.SiteServiceImpl - Enter recentComments method:limit=5
2020-08-07 12:34:14.649 [http-nio-80-exec-7] DEBUG com.my.blog.website.service.impl.SiteServiceImpl - Exit recentComments method
2020-08-07 12:34:14.649 [http-nio-80-exec-7] DEBUG com.my.blog.website.service.impl.SiteServiceImpl - Enter recentContents method
2020-08-07 12:34:14.684 [http-nio-80-exec-7] DEBUG com.my.blog.website.service.impl.SiteServiceImpl - Exit recentContents method
2020-08-07 12:34:14.684 [http-nio-80-exec-7] DEBUG com.my.blog.website.service.impl.SiteServiceImpl - Enter getStatistics method
2020-08-07 12:34:14.726 [http-nio-80-exec-7] DEBUG com.my.blog.website.service.impl.SiteServiceImpl - Exit getStatistics method
2020-08-07 12:34:14.726 [http-nio-80-exec-7] DEBUG com.my.blog.website.service.impl.LogServiceImpl - Enter getLogs method:page=1,linit=5
2020-08-07 12:34:14.747 [http-nio-80-exec-7] DEBUG com.my.blog.website.service.impl.LogServiceImpl - Exit getLogs method
2020-08-07 12:34:14.747 [http-nio-80-exec-7] INFO  com.my.blog.website.controller.admin.IndexController - Exit admin index method
2020-08-07 12:35:13.889 [http-nio-80-exec-8] INFO  com.my.blog.website.controller.admin.IndexController - Enter admin index method
2020-08-07 12:35:13.890 [http-nio-80-exec-8] DEBUG com.my.blog.website.service.impl.SiteServiceImpl - Enter recentComments method:limit=5
2020-08-07 12:35:13.896 [http-nio-80-exec-8] DEBUG com.my.blog.website.service.impl.SiteServiceImpl - Exit recentComments method
2020-08-07 12:35:13.896 [http-nio-80-exec-8] DEBUG com.my.blog.website.service.impl.SiteServiceImpl - Enter recentContents method
2020-08-07 12:35:13.909 [http-nio-80-exec-8] DEBUG com.my.blog.website.service.impl.SiteServiceImpl - Exit recentContents method
2020-08-07 12:35:13.909 [http-nio-80-exec-8] DEBUG com.my.blog.website.service.impl.SiteServiceImpl - Enter getStatistics method
2020-08-07 12:35:13.922 [http-nio-80-exec-8] DEBUG com.my.blog.website.service.impl.SiteServiceImpl - Exit getStatistics method
2020-08-07 12:35:13.922 [http-nio-80-exec-8] DEBUG com.my.blog.website.service.impl.LogServiceImpl - Enter getLogs method:page=1,linit=5
2020-08-07 12:35:13.930 [http-nio-80-exec-8] DEBUG com.my.blog.website.service.impl.LogServiceImpl - Exit getLogs method
2020-08-07 12:35:13.930 [http-nio-80-exec-8] INFO  com.my.blog.website.controller.admin.IndexController - Exit admin index method
2020-08-07 12:36:35.383 [http-nio-80-exec-1] DEBUG com.my.blog.website.service.impl.ContentServiceImpl - Enter getContents method
2020-08-07 12:36:35.407 [http-nio-80-exec-1] DEBUG com.my.blog.website.service.impl.ContentServiceImpl - Exit getContents method
2020-08-07 12:37:20.612 [http-nio-80-exec-7] INFO  com.my.blog.website.controller.admin.IndexController - Enter admin index method
2020-08-07 12:37:20.612 [http-nio-80-exec-7] DEBUG com.my.blog.website.service.impl.SiteServiceImpl - Enter recentComments method:limit=5
2020-08-07 12:37:20.619 [http-nio-80-exec-7] DEBUG com.my.blog.website.service.impl.SiteServiceImpl - Exit recentComments method
2020-08-07 12:37:20.619 [http-nio-80-exec-7] DEBUG com.my.blog.website.service.impl.SiteServiceImpl - Enter recentContents method
2020-08-07 12:37:20.628 [http-nio-80-exec-7] DEBUG com.my.blog.website.service.impl.SiteServiceImpl - Exit recentContents method
2020-08-07 12:37:20.628 [http-nio-80-exec-7] DEBUG com.my.blog.website.service.impl.SiteServiceImpl - Enter getStatistics method
2020-08-07 12:37:20.638 [http-nio-80-exec-7] DEBUG com.my.blog.website.service.impl.SiteServiceImpl - Exit getStatistics method
2020-08-07 12:37:20.638 [http-nio-80-exec-7] DEBUG com.my.blog.website.service.impl.LogServiceImpl - Enter getLogs method:page=1,linit=5
2020-08-07 12:37:20.647 [http-nio-80-exec-7] DEBUG com.my.blog.website.service.impl.LogServiceImpl - Exit getLogs method
2020-08-07 12:37:20.647 [http-nio-80-exec-7] INFO  com.my.blog.website.controller.admin.IndexController - Exit admin index method
2020-08-07 12:41:00.470 [http-nio-80-exec-4] DEBUG com.my.blog.website.service.impl.RelationshipServiceImpl - Enter countById method:cid=3,mid=7
2020-08-07 12:41:00.476 [http-nio-80-exec-4] DEBUG com.my.blog.website.service.impl.RelationshipServiceImpl - Exit countById method return num=0
2020-08-07 12:41:00.488 [http-nio-80-exec-4] DEBUG com.my.blog.website.service.impl.RelationshipServiceImpl - Enter countById method:cid=3,mid=8
2020-08-07 12:41:00.492 [http-nio-80-exec-4] DEBUG com.my.blog.website.service.impl.RelationshipServiceImpl - Exit countById method return num=0
2020-08-07 12:41:20.473 [http-nio-80-exec-7] DEBUG com.my.blog.website.service.impl.ContentServiceImpl - Enter getContents method
2020-08-07 12:41:20.488 [http-nio-80-exec-7] DEBUG com.my.blog.website.service.impl.ContentServiceImpl - Exit getContents method
2020-08-07 15:38:06.451 [http-nio-80-exec-1] DEBUG com.my.blog.website.service.impl.ContentServiceImpl - Enter getContents method
2020-08-07 15:38:06.469 [http-nio-80-exec-1] DEBUG com.my.blog.website.service.impl.ContentServiceImpl - Exit getContents method
2020-08-07 15:38:10.241 [http-nio-80-exec-3] DEBUG com.my.blog.website.service.impl.SiteServiceImpl - Enter getArchives method
2020-08-07 15:38:10.262 [http-nio-80-exec-3] DEBUG com.my.blog.website.service.impl.SiteServiceImpl - Exit getArchives method
2020-08-07 15:38:21.567 [http-nio-80-exec-4] DEBUG com.my.blog.website.service.impl.SiteServiceImpl - Enter getArchives method
2020-08-07 15:38:21.584 [http-nio-80-exec-4] DEBUG com.my.blog.website.service.impl.SiteServiceImpl - Exit getArchives method
2020-08-07 15:38:23.486 [http-nio-80-exec-2] DEBUG com.my.blog.website.service.impl.ContentServiceImpl - Enter getContents method
2020-08-07 15:38:23.499 [http-nio-80-exec-2] DEBUG com.my.blog.website.service.impl.ContentServiceImpl - Exit getContents method
2020-08-07 15:39:34.582 [http-nio-80-exec-1] INFO  com.my.blog.website.controller.admin.IndexController - Enter admin index method
2020-08-07 15:39:34.582 [http-nio-80-exec-1] DEBUG com.my.blog.website.service.impl.SiteServiceImpl - Enter recentComments method:limit=5
2020-08-07 15:39:34.585 [http-nio-80-exec-1] DEBUG com.my.blog.website.service.impl.SiteServiceImpl - Exit recentComments method
2020-08-07 15:39:34.585 [http-nio-80-exec-1] DEBUG com.my.blog.website.service.impl.SiteServiceImpl - Enter recentContents method
2020-08-07 15:39:34.592 [http-nio-80-exec-1] DEBUG com.my.blog.website.service.impl.SiteServiceImpl - Exit recentContents method
2020-08-07 15:39:34.592 [http-nio-80-exec-1] DEBUG com.my.blog.website.service.impl.SiteServiceImpl - Enter getStatistics method
2020-08-07 15:39:34.601 [http-nio-80-exec-1] DEBUG com.my.blog.website.service.impl.SiteServiceImpl - Exit getStatistics method
2020-08-07 15:39:34.601 [http-nio-80-exec-1] DEBUG com.my.blog.website.service.impl.LogServiceImpl - Enter getLogs method:page=1,linit=5
2020-08-07 15:39:34.606 [http-nio-80-exec-1] DEBUG com.my.blog.website.service.impl.LogServiceImpl - Exit getLogs method
2020-08-07 15:39:34.606 [http-nio-80-exec-1] INFO  com.my.blog.website.controller.admin.IndexController - Exit admin index method
2020-08-07 15:39:43.134 [http-nio-80-exec-3] DEBUG com.my.blog.website.service.impl.ContentServiceImpl - Enter getContents method
2020-08-07 15:39:43.141 [http-nio-80-exec-3] DEBUG com.my.blog.website.service.impl.ContentServiceImpl - Exit getContents method
2020-08-07 15:48:31.843 [http-nio-80-exec-8] DEBUG com.my.blog.website.service.impl.OptionServiceImpl - Enter insertOption method:name=site_record,value=
2020-08-07 15:48:31.847 [http-nio-80-exec-8] DEBUG com.my.blog.website.service.impl.OptionServiceImpl - Exit insertOption method.
2020-08-07 15:48:31.847 [http-nio-80-exec-8] DEBUG com.my.blog.website.service.impl.OptionServiceImpl - Enter insertOption method:name=site_description,value=小练习
2020-08-07 15:48:31.857 [http-nio-80-exec-8] DEBUG com.my.blog.website.service.impl.OptionServiceImpl - Exit insertOption method.
2020-08-07 15:48:31.857 [http-nio-80-exec-8] DEBUG com.my.blog.website.service.impl.OptionServiceImpl - Enter insertOption method:name=site_title,value=数据结构管理
2020-08-07 15:48:31.860 [http-nio-80-exec-8] DEBUG com.my.blog.website.service.impl.OptionServiceImpl - Exit insertOption method.
2020-08-07 15:48:31.860 [http-nio-80-exec-8] DEBUG com.my.blog.website.service.impl.OptionServiceImpl - Enter insertOption method:name=site_theme,value=default
2020-08-07 15:48:31.863 [http-nio-80-exec-8] DEBUG com.my.blog.website.service.impl.OptionServiceImpl - Exit insertOption method.
2020-08-07 15:48:31.863 [http-nio-80-exec-8] DEBUG com.my.blog.website.service.impl.OptionServiceImpl - Enter insertOption method:name=allow_install,value=
2020-08-07 15:48:31.866 [http-nio-80-exec-8] DEBUG com.my.blog.website.service.impl.OptionServiceImpl - Exit insertOption method.
2020-08-07 15:49:34.665 [http-nio-80-exec-5] INFO  com.my.blog.website.controller.admin.IndexController - Enter admin index method
2020-08-07 15:49:34.665 [http-nio-80-exec-5] DEBUG com.my.blog.website.service.impl.SiteServiceImpl - Enter recentComments method:limit=5
2020-08-07 15:49:34.667 [http-nio-80-exec-5] DEBUG com.my.blog.website.service.impl.SiteServiceImpl - Exit recentComments method
2020-08-07 15:49:34.667 [http-nio-80-exec-5] DEBUG com.my.blog.website.service.impl.SiteServiceImpl - Enter recentContents method
2020-08-07 15:49:34.672 [http-nio-80-exec-5] DEBUG com.my.blog.website.service.impl.SiteServiceImpl - Exit recentContents method
2020-08-07 15:49:34.672 [http-nio-80-exec-5] DEBUG com.my.blog.website.service.impl.SiteServiceImpl - Enter getStatistics method
2020-08-07 15:49:34.680 [http-nio-80-exec-5] DEBUG com.my.blog.website.service.impl.SiteServiceImpl - Exit getStatistics method
2020-08-07 15:49:34.680 [http-nio-80-exec-5] DEBUG com.my.blog.website.service.impl.LogServiceImpl - Enter getLogs method:page=1,linit=5
2020-08-07 15:49:34.685 [http-nio-80-exec-5] DEBUG com.my.blog.website.service.impl.LogServiceImpl - Exit getLogs method
2020-08-07 15:49:34.685 [http-nio-80-exec-5] INFO  com.my.blog.website.controller.admin.IndexController - Exit admin index method
2020-08-07 15:52:00.383 [http-nio-80-exec-6] DEBUG com.my.blog.website.service.impl.RelationshipServiceImpl - Enter countById method:cid=5,mid=7
2020-08-07 15:52:00.385 [http-nio-80-exec-6] DEBUG com.my.blog.website.service.impl.RelationshipServiceImpl - Exit countById method return num=0
2020-08-07 15:52:00.388 [http-nio-80-exec-6] DEBUG com.my.blog.website.service.impl.RelationshipServiceImpl - Enter countById method:cid=5,mid=8
2020-08-07 15:52:00.390 [http-nio-80-exec-6] DEBUG com.my.blog.website.service.impl.RelationshipServiceImpl - Exit countById method return num=0
2020-08-07 15:52:15.102 [http-nio-80-exec-3] DEBUG com.my.blog.website.service.impl.ContentServiceImpl - Enter getContents method
2020-08-07 15:52:15.109 [http-nio-80-exec-3] DEBUG com.my.blog.website.service.impl.ContentServiceImpl - Exit getContents method
2020-08-07 15:52:32.922 [http-nio-80-exec-7] DEBUG com.my.blog.website.service.impl.ContentServiceImpl - Enter getContents method
2020-08-07 15:52:32.928 [http-nio-80-exec-7] DEBUG com.my.blog.website.service.impl.ContentServiceImpl - Exit getContents method
2020-08-07 15:52:44.863 [http-nio-80-exec-9] DEBUG com.my.blog.website.service.impl.SiteServiceImpl - Enter getArchives method
2020-08-07 15:52:44.870 [http-nio-80-exec-9] DEBUG com.my.blog.website.service.impl.SiteServiceImpl - Exit getArchives method
2020-08-07 15:53:40.271 [http-nio-80-exec-10] INFO  com.my.blog.website.controller.admin.IndexController - Enter admin index method
2020-08-07 15:53:40.271 [http-nio-80-exec-10] DEBUG com.my.blog.website.service.impl.SiteServiceImpl - Enter recentComments method:limit=5
2020-08-07 15:53:40.273 [http-nio-80-exec-10] DEBUG com.my.blog.website.service.impl.SiteServiceImpl - Exit recentComments method
2020-08-07 15:53:40.273 [http-nio-80-exec-10] DEBUG com.my.blog.website.service.impl.SiteServiceImpl - Enter recentContents method
2020-08-07 15:53:40.279 [http-nio-80-exec-10] DEBUG com.my.blog.website.service.impl.SiteServiceImpl - Exit recentContents method
2020-08-07 15:53:40.279 [http-nio-80-exec-10] DEBUG com.my.blog.website.service.impl.SiteServiceImpl - Enter getStatistics method
2020-08-07 15:53:40.286 [http-nio-80-exec-10] DEBUG com.my.blog.website.service.impl.SiteServiceImpl - Exit getStatistics method
2020-08-07 15:53:40.286 [http-nio-80-exec-10] DEBUG com.my.blog.website.service.impl.LogServiceImpl - Enter getLogs method:page=1,linit=5
2020-08-07 15:53:40.291 [http-nio-80-exec-10] DEBUG com.my.blog.website.service.impl.LogServiceImpl - Exit getLogs method
2020-08-07 15:53:40.291 [http-nio-80-exec-10] INFO  com.my.blog.website.controller.admin.IndexController - Exit admin index method
2020-08-07 16:05:10.635 [http-nio-80-exec-5] DEBUG com.my.blog.website.service.impl.ContentServiceImpl - Enter getContents method
2020-08-07 16:05:10.647 [http-nio-80-exec-5] DEBUG com.my.blog.website.service.impl.ContentServiceImpl - Exit getContents method
2020-08-07 16:05:17.975 [http-nio-80-exec-1] DEBUG com.my.blog.website.service.impl.ContentServiceImpl - Enter getContents method
2020-08-07 16:05:17.984 [http-nio-80-exec-1] DEBUG com.my.blog.website.service.impl.ContentServiceImpl - Exit getContents method
2020-08-07 16:06:23.244 [http-nio-8088-exec-1] DEBUG com.my.blog.website.service.impl.ContentServiceImpl - Enter getContents method
2020-08-07 16:06:23.381 [http-nio-8088-exec-1] DEBUG com.my.blog.website.service.impl.ContentServiceImpl - Exit getContents method
2020-08-07 16:07:17.948 [http-nio-8088-exec-8] INFO  com.my.blog.website.controller.admin.IndexController - Enter admin index method
2020-08-07 16:07:17.948 [http-nio-8088-exec-8] DEBUG com.my.blog.website.service.impl.SiteServiceImpl - Enter recentComments method:limit=5
2020-08-07 16:07:17.956 [http-nio-8088-exec-8] DEBUG com.my.blog.website.service.impl.SiteServiceImpl - Exit recentComments method
2020-08-07 16:07:17.956 [http-nio-8088-exec-8] DEBUG com.my.blog.website.service.impl.SiteServiceImpl - Enter recentContents method
2020-08-07 16:07:17.966 [http-nio-8088-exec-8] DEBUG com.my.blog.website.service.impl.SiteServiceImpl - Exit recentContents method
2020-08-07 16:07:17.966 [http-nio-8088-exec-8] DEBUG com.my.blog.website.service.impl.SiteServiceImpl - Enter getStatistics method
2020-08-07 16:07:17.982 [http-nio-8088-exec-8] DEBUG com.my.blog.website.service.impl.SiteServiceImpl - Exit getStatistics method
2020-08-07 16:07:17.982 [http-nio-8088-exec-8] DEBUG com.my.blog.website.service.impl.LogServiceImpl - Enter getLogs method:page=1,linit=5
2020-08-07 16:07:17.991 [http-nio-8088-exec-8] DEBUG com.my.blog.website.service.impl.LogServiceImpl - Exit getLogs method
2020-08-07 16:07:17.991 [http-nio-8088-exec-8] INFO  com.my.blog.website.controller.admin.IndexController - Exit admin index method
2020-08-07 16:08:46.114 [http-nio-8088-exec-2] DEBUG com.my.blog.website.service.impl.RelationshipServiceImpl - Enter countById method:cid=6,mid=9
2020-08-07 16:08:46.120 [http-nio-8088-exec-2] DEBUG com.my.blog.website.service.impl.RelationshipServiceImpl - Exit countById method return num=0
2020-08-07 16:08:46.125 [http-nio-8088-exec-2] DEBUG com.my.blog.website.service.impl.RelationshipServiceImpl - Enter countById method:cid=6,mid=8
2020-08-07 16:08:46.128 [http-nio-8088-exec-2] DEBUG com.my.blog.website.service.impl.RelationshipServiceImpl - Exit countById method return num=0
2020-08-07 16:08:53.781 [http-nio-8088-exec-3] ERROR com.my.blog.website.controller.GlobalExceptionHandler - find exception:e=null
2020-08-07 16:08:55.396 [http-nio-8088-exec-8] DEBUG com.my.blog.website.service.impl.ContentServiceImpl - Enter getContents method
2020-08-07 16:08:55.409 [http-nio-8088-exec-8] DEBUG com.my.blog.website.service.impl.ContentServiceImpl - Exit getContents method
2020-08-07 16:09:57.832 [http-nio-8088-exec-8] DEBUG com.my.blog.website.service.impl.RelationshipServiceImpl - Enter countById method:cid=6,mid=9
2020-08-07 16:09:57.835 [http-nio-8088-exec-8] DEBUG com.my.blog.website.service.impl.RelationshipServiceImpl - Exit countById method return num=0
2020-08-07 16:09:57.840 [http-nio-8088-exec-8] DEBUG com.my.blog.website.service.impl.RelationshipServiceImpl - Enter countById method:cid=6,mid=8
2020-08-07 16:09:57.843 [http-nio-8088-exec-8] DEBUG com.my.blog.website.service.impl.RelationshipServiceImpl - Exit countById method return num=0
2020-08-07 16:11:03.182 [http-nio-8088-exec-3] DEBUG com.my.blog.website.service.impl.ContentServiceImpl - Enter getContents method
2020-08-07 16:11:03.193 [http-nio-8088-exec-3] DEBUG com.my.blog.website.service.impl.ContentServiceImpl - Exit getContents method
2020-08-07 16:14:42.021 [http-nio-8088-exec-2] DEBUG com.my.blog.website.service.impl.ContentServiceImpl - Enter getContents method
2020-08-07 16:14:42.089 [http-nio-8088-exec-2] DEBUG com.my.blog.website.service.impl.ContentServiceImpl - Exit getContents method
2020-08-07 16:14:48.793 [http-nio-8088-exec-4] DEBUG com.my.blog.website.service.impl.SiteServiceImpl - Enter getArchives method
2020-08-07 16:14:48.813 [http-nio-8088-exec-4] DEBUG com.my.blog.website.service.impl.SiteServiceImpl - Exit getArchives method
2020-08-07 16:15:04.932 [http-nio-8088-exec-6] DEBUG com.my.blog.website.service.impl.ContentServiceImpl - Enter getContents method
2020-08-07 16:15:04.945 [http-nio-8088-exec-6] DEBUG com.my.blog.website.service.impl.ContentServiceImpl - Exit getContents method
2020-08-07 16:15:46.948 [http-nio-8088-exec-6] ERROR com.my.blog.website.controller.GlobalExceptionHandler - find exception:e=null
2020-08-07 16:15:48.319 [http-nio-8088-exec-7] DEBUG com.my.blog.website.service.impl.ContentServiceImpl - Enter getContents method
2020-08-07 16:15:48.332 [http-nio-8088-exec-7] DEBUG com.my.blog.website.service.impl.ContentServiceImpl - Exit getContents method
2020-08-07 16:17:23.708 [http-nio-8088-exec-9] ERROR com.my.blog.website.controller.GlobalExceptionHandler - find exception:e=null
2020-08-10 10:39:00.251 [http-nio-8088-exec-1] DEBUG com.my.blog.website.service.impl.ContentServiceImpl - Enter getContents method
2020-08-10 10:39:00.401 [http-nio-8088-exec-1] DEBUG com.my.blog.website.service.impl.ContentServiceImpl - Exit getContents method
2020-08-10 10:39:33.883 [http-nio-8088-exec-2] INFO  com.my.blog.website.controller.admin.IndexController - Enter admin index method
2020-08-10 10:39:33.883 [http-nio-8088-exec-2] DEBUG com.my.blog.website.service.impl.SiteServiceImpl - Enter recentComments method:limit=5
2020-08-10 10:39:33.899 [http-nio-8088-exec-2] DEBUG com.my.blog.website.service.impl.SiteServiceImpl - Exit recentComments method
2020-08-10 10:39:33.899 [http-nio-8088-exec-2] DEBUG com.my.blog.website.service.impl.SiteServiceImpl - Enter recentContents method
2020-08-10 10:39:33.911 [http-nio-8088-exec-2] DEBUG com.my.blog.website.service.impl.SiteServiceImpl - Exit recentContents method
2020-08-10 10:39:33.911 [http-nio-8088-exec-2] DEBUG com.my.blog.website.service.impl.SiteServiceImpl - Enter getStatistics method
2020-08-10 10:39:33.937 [http-nio-8088-exec-2] DEBUG com.my.blog.website.service.impl.SiteServiceImpl - Exit getStatistics method
2020-08-10 10:39:33.937 [http-nio-8088-exec-2] DEBUG com.my.blog.website.service.impl.LogServiceImpl - Enter getLogs method:page=1,linit=5
2020-08-10 10:39:33.946 [http-nio-8088-exec-2] DEBUG com.my.blog.website.service.impl.LogServiceImpl - Exit getLogs method
2020-08-10 10:39:33.946 [http-nio-8088-exec-2] INFO  com.my.blog.website.controller.admin.IndexController - Exit admin index method
2020-08-10 10:40:27.806 [http-nio-8088-exec-9] DEBUG com.my.blog.website.service.impl.SiteServiceImpl - Enter getArchives method
2020-08-10 10:40:27.824 [http-nio-8088-exec-9] DEBUG com.my.blog.website.service.impl.SiteServiceImpl - Exit getArchives method
2020-08-10 10:41:08.215 [http-nio-8088-exec-7] INFO  com.my.blog.website.controller.admin.IndexController - Enter admin index method
2020-08-10 10:41:08.215 [http-nio-8088-exec-7] DEBUG com.my.blog.website.service.impl.SiteServiceImpl - Enter recentComments method:limit=5
2020-08-10 10:41:08.223 [http-nio-8088-exec-7] DEBUG com.my.blog.website.service.impl.SiteServiceImpl - Exit recentComments method
2020-08-10 10:41:08.223 [http-nio-8088-exec-7] DEBUG com.my.blog.website.service.impl.SiteServiceImpl - Enter recentContents method
2020-08-10 10:41:08.229 [http-nio-8088-exec-7] DEBUG com.my.blog.website.service.impl.SiteServiceImpl - Exit recentContents method
2020-08-10 10:41:08.229 [http-nio-8088-exec-7] DEBUG com.my.blog.website.service.impl.SiteServiceImpl - Enter getStatistics method
2020-08-10 10:41:08.240 [http-nio-8088-exec-7] DEBUG com.my.blog.website.service.impl.SiteServiceImpl - Exit getStatistics method
2020-08-10 10:41:08.240 [http-nio-8088-exec-7] DEBUG com.my.blog.website.service.impl.LogServiceImpl - Enter getLogs method:page=1,linit=5
2020-08-10 10:41:08.246 [http-nio-8088-exec-7] DEBUG com.my.blog.website.service.impl.LogServiceImpl - Exit getLogs method
2020-08-10 10:41:08.246 [http-nio-8088-exec-7] INFO  com.my.blog.website.controller.admin.IndexController - Exit admin index method
2020-08-10 10:41:35.393 [http-nio-8088-exec-9] DEBUG com.my.blog.website.service.impl.RelationshipServiceImpl - Enter countById method:cid=6,mid=9
2020-08-10 10:41:35.395 [http-nio-8088-exec-9] DEBUG com.my.blog.website.service.impl.RelationshipServiceImpl - Exit countById method return num=0
2020-08-10 10:41:35.400 [http-nio-8088-exec-9] DEBUG com.my.blog.website.service.impl.RelationshipServiceImpl - Enter countById method:cid=6,mid=10
2020-08-10 10:41:35.403 [http-nio-8088-exec-9] DEBUG com.my.blog.website.service.impl.RelationshipServiceImpl - Exit countById method return num=0
2020-08-10 10:41:48.978 [http-nio-8088-exec-2] DEBUG com.my.blog.website.service.impl.RelationshipServiceImpl - Enter countById method:cid=5,mid=7
2020-08-10 10:41:48.980 [http-nio-8088-exec-2] DEBUG com.my.blog.website.service.impl.RelationshipServiceImpl - Exit countById method return num=0
2020-08-10 10:41:48.984 [http-nio-8088-exec-2] DEBUG com.my.blog.website.service.impl.RelationshipServiceImpl - Enter countById method:cid=5,mid=10
2020-08-10 10:41:48.987 [http-nio-8088-exec-2] DEBUG com.my.blog.website.service.impl.RelationshipServiceImpl - Exit countById method return num=0
2020-08-10 10:42:02.080 [http-nio-8088-exec-7] DEBUG com.my.blog.website.service.impl.SiteServiceImpl - Enter getArchives method
2020-08-10 10:42:02.090 [http-nio-8088-exec-7] DEBUG com.my.blog.website.service.impl.SiteServiceImpl - Exit getArchives method
2020-08-10 10:42:06.425 [http-nio-8088-exec-4] DEBUG com.my.blog.website.service.impl.SiteServiceImpl - Enter getArchives method
2020-08-10 10:42:06.434 [http-nio-8088-exec-4] DEBUG com.my.blog.website.service.impl.SiteServiceImpl - Exit getArchives method
2020-08-10 10:42:07.505 [http-nio-8088-exec-6] DEBUG com.my.blog.website.service.impl.SiteServiceImpl - Enter getArchives method
2020-08-10 10:42:07.515 [http-nio-8088-exec-6] DEBUG com.my.blog.website.service.impl.SiteServiceImpl - Exit getArchives method
2020-08-10 10:42:08.433 [http-nio-8088-exec-9] DEBUG com.my.blog.website.service.impl.ContentServiceImpl - Enter getContents method
2020-08-10 10:42:08.442 [http-nio-8088-exec-9] DEBUG com.my.blog.website.service.impl.ContentServiceImpl - Exit getContents method
2020-08-10 10:42:15.747 [http-nio-8088-exec-1] DEBUG com.my.blog.website.service.impl.SiteServiceImpl - Enter getArchives method
2020-08-10 10:42:15.754 [http-nio-8088-exec-1] DEBUG com.my.blog.website.service.impl.SiteServiceImpl - Exit getArchives method
2020-08-10 10:42:18.239 [http-nio-8088-exec-3] DEBUG com.my.blog.website.service.impl.ContentServiceImpl - Enter getContents method
2020-08-10 10:42:18.246 [http-nio-8088-exec-3] DEBUG com.my.blog.website.service.impl.ContentServiceImpl - Exit getContents method
2020-08-10 10:52:02.753 [http-nio-8088-exec-8] DEBUG com.my.blog.website.service.impl.ContentServiceImpl - Enter getContents method
2020-08-10 10:52:02.771 [http-nio-8088-exec-8] DEBUG com.my.blog.website.service.impl.ContentServiceImpl - Exit getContents method
2020-08-11 22:59:32.436 [http-nio-8088-exec-3] DEBUG com.my.blog.website.service.impl.ContentServiceImpl - Enter getContents method
2020-08-11 22:59:32.803 [http-nio-8088-exec-3] DEBUG com.my.blog.website.service.impl.ContentServiceImpl - Exit getContents method
2020-08-11 22:59:55.423 [http-nio-8088-exec-7] INFO  com.my.blog.website.controller.admin.IndexController - Enter admin index method
2020-08-11 22:59:55.423 [http-nio-8088-exec-7] DEBUG com.my.blog.website.service.impl.SiteServiceImpl - Enter recentComments method:limit=5
2020-08-11 22:59:55.451 [http-nio-8088-exec-7] DEBUG com.my.blog.website.service.impl.SiteServiceImpl - Exit recentComments method
2020-08-11 22:59:55.451 [http-nio-8088-exec-7] DEBUG com.my.blog.website.service.impl.SiteServiceImpl - Enter recentContents method
2020-08-11 22:59:55.472 [http-nio-8088-exec-7] DEBUG com.my.blog.website.service.impl.SiteServiceImpl - Exit recentContents method
2020-08-11 22:59:55.472 [http-nio-8088-exec-7] DEBUG com.my.blog.website.service.impl.SiteServiceImpl - Enter getStatistics method
2020-08-11 22:59:55.518 [http-nio-8088-exec-7] DEBUG com.my.blog.website.service.impl.SiteServiceImpl - Exit getStatistics method
2020-08-11 22:59:55.518 [http-nio-8088-exec-7] DEBUG com.my.blog.website.service.impl.LogServiceImpl - Enter getLogs method:page=1,linit=5
2020-08-11 22:59:55.536 [http-nio-8088-exec-7] DEBUG com.my.blog.website.service.impl.LogServiceImpl - Exit getLogs method
2020-08-11 22:59:55.537 [http-nio-8088-exec-7] INFO  com.my.blog.website.controller.admin.IndexController - Exit admin index method
2020-08-16 20:21:09.676 [http-nio-8088-exec-1] DEBUG com.my.blog.website.service.impl.ContentServiceImpl - Enter getContents method
2020-08-16 20:21:09.861 [http-nio-8088-exec-1] DEBUG com.my.blog.website.service.impl.ContentServiceImpl - Exit getContents method
2020-08-16 20:21:49.696 [http-nio-8088-exec-9] INFO  com.my.blog.website.controller.admin.IndexController - Enter admin index method
2020-08-16 20:21:49.696 [http-nio-8088-exec-9] DEBUG com.my.blog.website.service.impl.SiteServiceImpl - Enter recentComments method:limit=5
2020-08-16 20:21:49.704 [http-nio-8088-exec-9] DEBUG com.my.blog.website.service.impl.SiteServiceImpl - Exit recentComments method
2020-08-16 20:21:49.704 [http-nio-8088-exec-9] DEBUG com.my.blog.website.service.impl.SiteServiceImpl - Enter recentContents method
2020-08-16 20:21:49.713 [http-nio-8088-exec-9] DEBUG com.my.blog.website.service.impl.SiteServiceImpl - Exit recentContents method
2020-08-16 20:21:49.713 [http-nio-8088-exec-9] DEBUG com.my.blog.website.service.impl.SiteServiceImpl - Enter getStatistics method
2020-08-16 20:21:49.738 [http-nio-8088-exec-9] DEBUG com.my.blog.website.service.impl.SiteServiceImpl - Exit getStatistics method
2020-08-16 20:21:49.738 [http-nio-8088-exec-9] DEBUG com.my.blog.website.service.impl.LogServiceImpl - Enter getLogs method:page=1,linit=5
2020-08-16 20:21:49.749 [http-nio-8088-exec-9] DEBUG com.my.blog.website.service.impl.LogServiceImpl - Exit getLogs method
2020-08-16 20:21:49.749 [http-nio-8088-exec-9] INFO  com.my.blog.website.controller.admin.IndexController - Exit admin index method
2020-08-17 10:27:27.269 [http-nio-8088-exec-2] DEBUG com.my.blog.website.service.impl.ContentServiceImpl - Enter getContents method
2020-08-17 10:27:27.585 [http-nio-8088-exec-2] DEBUG com.my.blog.website.service.impl.ContentServiceImpl - Exit getContents method
2020-08-17 10:28:02.357 [http-nio-8088-exec-6] INFO  com.my.blog.website.controller.admin.IndexController - Enter admin index method
2020-08-17 10:28:02.357 [http-nio-8088-exec-6] DEBUG com.my.blog.website.service.impl.SiteServiceImpl - Enter recentComments method:limit=5
2020-08-17 10:28:02.401 [http-nio-8088-exec-6] DEBUG com.my.blog.website.service.impl.SiteServiceImpl - Exit recentComments method
2020-08-17 10:28:02.405 [http-nio-8088-exec-6] DEBUG com.my.blog.website.service.impl.SiteServiceImpl - Enter recentContents method
2020-08-17 10:28:02.433 [http-nio-8088-exec-6] DEBUG com.my.blog.website.service.impl.SiteServiceImpl - Exit recentContents method
2020-08-17 10:28:02.433 [http-nio-8088-exec-6] DEBUG com.my.blog.website.service.impl.SiteServiceImpl - Enter getStatistics method
2020-08-17 10:28:02.521 [http-nio-8088-exec-6] DEBUG com.my.blog.website.service.impl.SiteServiceImpl - Exit getStatistics method
2020-08-17 10:28:02.521 [http-nio-8088-exec-6] DEBUG com.my.blog.website.service.impl.LogServiceImpl - Enter getLogs method:page=1,linit=5
2020-08-17 10:28:02.554 [http-nio-8088-exec-6] DEBUG com.my.blog.website.service.impl.LogServiceImpl - Exit getLogs method
2020-08-17 10:28:02.554 [http-nio-8088-exec-6] INFO  com.my.blog.website.controller.admin.IndexController - Exit admin index method
2020-08-19 11:29:28.060 [http-nio-8088-exec-1] DEBUG com.my.blog.website.service.impl.ContentServiceImpl - Enter getContents method
2020-08-19 11:29:28.283 [http-nio-8088-exec-1] DEBUG com.my.blog.website.service.impl.ContentServiceImpl - Exit getContents method
2020-08-19 16:52:51.790 [http-nio-8088-exec-2] DEBUG com.my.blog.website.service.impl.ContentServiceImpl - Enter getContents method
2020-08-19 16:52:51.972 [http-nio-8088-exec-2] DEBUG com.my.blog.website.service.impl.ContentServiceImpl - Exit getContents method
2020-08-19 16:57:20.653 [http-nio-8088-exec-6] INFO  com.my.blog.website.controller.admin.IndexController - Enter admin index method
2020-08-19 16:57:20.654 [http-nio-8088-exec-6] DEBUG com.my.blog.website.service.impl.SiteServiceImpl - Enter recentComments method:limit=5
2020-08-19 16:57:20.663 [http-nio-8088-exec-6] DEBUG com.my.blog.website.service.impl.SiteServiceImpl - Exit recentComments method
2020-08-19 16:57:20.663 [http-nio-8088-exec-6] DEBUG com.my.blog.website.service.impl.SiteServiceImpl - Enter recentContents method
2020-08-19 16:57:20.671 [http-nio-8088-exec-6] DEBUG com.my.blog.website.service.impl.SiteServiceImpl - Exit recentContents method
2020-08-19 16:57:20.671 [http-nio-8088-exec-6] DEBUG com.my.blog.website.service.impl.SiteServiceImpl - Enter getStatistics method
2020-08-19 16:57:20.695 [http-nio-8088-exec-6] DEBUG com.my.blog.website.service.impl.SiteServiceImpl - Exit getStatistics method
2020-08-19 16:57:20.695 [http-nio-8088-exec-6] DEBUG com.my.blog.website.service.impl.LogServiceImpl - Enter getLogs method:page=1,linit=5
2020-08-19 16:57:20.703 [http-nio-8088-exec-6] DEBUG com.my.blog.website.service.impl.LogServiceImpl - Exit getLogs method
2020-08-19 16:57:20.703 [http-nio-8088-exec-6] INFO  com.my.blog.website.controller.admin.IndexController - Exit admin index method
2020-08-19 17:18:50.929 [http-nio-8088-exec-8] ERROR com.my.blog.website.controller.admin.SettingController - 备份失败
java.lang.NullPointerException
	at com.my.blog.website.service.impl.SiteServiceImpl.backup(SiteServiceImpl.java:119) ~[classes/:?]
	at com.my.blog.website.controller.admin.SettingController.backup(SettingController.java:99) [classes/:?]
	at com.my.blog.website.controller.admin.SettingController$$FastClassBySpringCGLIB$$4e9b4e05.invoke(<generated>) [classes/:?]
	at org.springframework.cglib.proxy.MethodProxy.invoke(MethodProxy.java:218) [spring-core-5.1.4.RELEASE.jar:5.1.4.RELEASE]
	at org.springframework.aop.framework.CglibAopProxy$CglibMethodInvocation.invokeJoinpoint(CglibAopProxy.java:749) [spring-aop-5.1.4.RELEASE.jar:5.1.4.RELEASE]
	at org.springframework.aop.framework.ReflectiveMethodInvocation.proceed(ReflectiveMethodInvocation.java:163) [spring-aop-5.1.4.RELEASE.jar:5.1.4.RELEASE]
	at org.springframework.aop.framework.adapter.MethodBeforeAdviceInterceptor.invoke(MethodBeforeAdviceInterceptor.java:56) [spring-aop-5.1.4.RELEASE.jar:5.1.4.RELEASE]
	at org.springframework.aop.framework.ReflectiveMethodInvocation.proceed(ReflectiveMethodInvocation.java:186) [spring-aop-5.1.4.RELEASE.jar:5.1.4.RELEASE]
	at org.springframework.aop.framework.adapter.AfterReturningAdviceInterceptor.invoke(AfterReturningAdviceInterceptor.java:55) [spring-aop-5.1.4.RELEASE.jar:5.1.4.RELEASE]
	at org.springframework.aop.framework.ReflectiveMethodInvocation.proceed(ReflectiveMethodInvocation.java:186) [spring-aop-5.1.4.RELEASE.jar:5.1.4.RELEASE]
	at org.springframework.aop.interceptor.ExposeInvocationInterceptor.invoke(ExposeInvocationInterceptor.java:93) [spring-aop-5.1.4.RELEASE.jar:5.1.4.RELEASE]
	at org.springframework.aop.framework.ReflectiveMethodInvocation.proceed(ReflectiveMethodInvocation.java:186) [spring-aop-5.1.4.RELEASE.jar:5.1.4.RELEASE]
	at org.springframework.aop.framework.CglibAopProxy$DynamicAdvisedInterceptor.intercept(CglibAopProxy.java:688) [spring-aop-5.1.4.RELEASE.jar:5.1.4.RELEASE]
	at com.my.blog.website.controller.admin.SettingController$$EnhancerBySpringCGLIB$$4f00465a.backup(<generated>) [classes/:?]
	at sun.reflect.NativeMethodAccessorImpl.invoke0(Native Method) ~[?:1.8.0_251]
	at sun.reflect.NativeMethodAccessorImpl.invoke(NativeMethodAccessorImpl.java:62) ~[?:1.8.0_251]
	at sun.reflect.DelegatingMethodAccessorImpl.invoke(DelegatingMethodAccessorImpl.java:43) ~[?:1.8.0_251]
	at java.lang.reflect.Method.invoke(Method.java:498) ~[?:1.8.0_251]
	at org.springframework.web.method.support.InvocableHandlerMethod.doInvoke(InvocableHandlerMethod.java:189) [spring-web-5.1.4.RELEASE.jar:5.1.4.RELEASE]
	at org.springframework.web.method.support.InvocableHandlerMethod.invokeForRequest(InvocableHandlerMethod.java:138) [spring-web-5.1.4.RELEASE.jar:5.1.4.RELEASE]
	at org.springframework.web.servlet.mvc.method.annotation.ServletInvocableHandlerMethod.invokeAndHandle(ServletInvocableHandlerMethod.java:102) [spring-webmvc-5.1.4.RELEASE.jar:5.1.4.RELEASE]
	at org.springframework.web.servlet.mvc.method.annotation.RequestMappingHandlerAdapter.invokeHandlerMethod(RequestMappingHandlerAdapter.java:895) [spring-webmvc-5.1.4.RELEASE.jar:5.1.4.RELEASE]
	at org.springframework.web.servlet.mvc.method.annotation.RequestMappingHandlerAdapter.handleInternal(RequestMappingHandlerAdapter.java:800) [spring-webmvc-5.1.4.RELEASE.jar:5.1.4.RELEASE]
	at org.springframework.web.servlet.mvc.method.AbstractHandlerMethodAdapter.handle(AbstractHandlerMethodAdapter.java:87) [spring-webmvc-5.1.4.RELEASE.jar:5.1.4.RELEASE]
	at org.springframework.web.servlet.DispatcherServlet.doDispatch(DispatcherServlet.java:1038) [spring-webmvc-5.1.4.RELEASE.jar:5.1.4.RELEASE]
	at org.springframework.web.servlet.DispatcherServlet.doService(DispatcherServlet.java:942) [spring-webmvc-5.1.4.RELEASE.jar:5.1.4.RELEASE]
	at org.springframework.web.servlet.FrameworkServlet.processRequest(FrameworkServlet.java:1005) [spring-webmvc-5.1.4.RELEASE.jar:5.1.4.RELEASE]
	at org.springframework.web.servlet.FrameworkServlet.doPost(FrameworkServlet.java:908) [spring-webmvc-5.1.4.RELEASE.jar:5.1.4.RELEASE]
	at javax.servlet.http.HttpServlet.service(HttpServlet.java:660) [tomcat-embed-core-9.0.14.jar:9.0.14]
	at org.springframework.web.servlet.FrameworkServlet.service(FrameworkServlet.java:882) [spring-webmvc-5.1.4.RELEASE.jar:5.1.4.RELEASE]
	at javax.servlet.http.HttpServlet.service(HttpServlet.java:741) [tomcat-embed-core-9.0.14.jar:9.0.14]
	at org.apache.catalina.core.ApplicationFilterChain.internalDoFilter(ApplicationFilterChain.java:231) [tomcat-embed-core-9.0.14.jar:9.0.14]
	at org.apache.catalina.core.ApplicationFilterChain.doFilter(ApplicationFilterChain.java:166) [tomcat-embed-core-9.0.14.jar:9.0.14]
	at org.apache.tomcat.websocket.server.WsFilter.doFilter(WsFilter.java:53) [tomcat-embed-websocket-9.0.14.jar:9.0.14]
	at org.apache.catalina.core.ApplicationFilterChain.internalDoFilter(ApplicationFilterChain.java:193) [tomcat-embed-core-9.0.14.jar:9.0.14]
	at org.apache.catalina.core.ApplicationFilterChain.doFilter(ApplicationFilterChain.java:166) [tomcat-embed-core-9.0.14.jar:9.0.14]
	at org.springframework.web.filter.RequestContextFilter.doFilterInternal(RequestContextFilter.java:99) [spring-web-5.1.4.RELEASE.jar:5.1.4.RELEASE]
	at org.springframework.web.filter.OncePerRequestFilter.doFilter(OncePerRequestFilter.java:107) [spring-web-5.1.4.RELEASE.jar:5.1.4.RELEASE]
	at org.apache.catalina.core.ApplicationFilterChain.internalDoFilter(ApplicationFilterChain.java:193) [tomcat-embed-core-9.0.14.jar:9.0.14]
	at org.apache.catalina.core.ApplicationFilterChain.doFilter(ApplicationFilterChain.java:166) [tomcat-embed-core-9.0.14.jar:9.0.14]
	at org.springframework.web.filter.FormContentFilter.doFilterInternal(FormContentFilter.java:92) [spring-web-5.1.4.RELEASE.jar:5.1.4.RELEASE]
	at org.springframework.web.filter.OncePerRequestFilter.doFilter(OncePerRequestFilter.java:107) [spring-web-5.1.4.RELEASE.jar:5.1.4.RELEASE]
	at org.apache.catalina.core.ApplicationFilterChain.internalDoFilter(ApplicationFilterChain.java:193) [tomcat-embed-core-9.0.14.jar:9.0.14]
	at org.apache.catalina.core.ApplicationFilterChain.doFilter(ApplicationFilterChain.java:166) [tomcat-embed-core-9.0.14.jar:9.0.14]
	at org.springframework.web.filter.HiddenHttpMethodFilter.doFilterInternal(HiddenHttpMethodFilter.java:93) [spring-web-5.1.4.RELEASE.jar:5.1.4.RELEASE]
	at org.springframework.web.filter.OncePerRequestFilter.doFilter(OncePerRequestFilter.java:107) [spring-web-5.1.4.RELEASE.jar:5.1.4.RELEASE]
	at org.apache.catalina.core.ApplicationFilterChain.internalDoFilter(ApplicationFilterChain.java:193) [tomcat-embed-core-9.0.14.jar:9.0.14]
	at org.apache.catalina.core.ApplicationFilterChain.doFilter(ApplicationFilterChain.java:166) [tomcat-embed-core-9.0.14.jar:9.0.14]
	at org.springframework.web.filter.CharacterEncodingFilter.doFilterInternal(CharacterEncodingFilter.java:200) [spring-web-5.1.4.RELEASE.jar:5.1.4.RELEASE]
	at org.springframework.web.filter.OncePerRequestFilter.doFilter(OncePerRequestFilter.java:107) [spring-web-5.1.4.RELEASE.jar:5.1.4.RELEASE]
	at org.apache.catalina.core.ApplicationFilterChain.internalDoFilter(ApplicationFilterChain.java:193) [tomcat-embed-core-9.0.14.jar:9.0.14]
	at org.apache.catalina.core.ApplicationFilterChain.doFilter(ApplicationFilterChain.java:166) [tomcat-embed-core-9.0.14.jar:9.0.14]
	at org.apache.catalina.core.StandardWrapperValve.invoke(StandardWrapperValve.java:199) [tomcat-embed-core-9.0.14.jar:9.0.14]
	at org.apache.catalina.core.StandardContextValve.invoke(StandardContextValve.java:96) [tomcat-embed-core-9.0.14.jar:9.0.14]
	at org.apache.catalina.authenticator.AuthenticatorBase.invoke(AuthenticatorBase.java:490) [tomcat-embed-core-9.0.14.jar:9.0.14]
	at org.apache.catalina.core.StandardHostValve.invoke(StandardHostValve.java:139) [tomcat-embed-core-9.0.14.jar:9.0.14]
	at org.apache.catalina.valves.ErrorReportValve.invoke(ErrorReportValve.java:92) [tomcat-embed-core-9.0.14.jar:9.0.14]
	at org.apache.catalina.core.StandardEngineValve.invoke(StandardEngineValve.java:74) [tomcat-embed-core-9.0.14.jar:9.0.14]
	at org.apache.catalina.connector.CoyoteAdapter.service(CoyoteAdapter.java:343) [tomcat-embed-core-9.0.14.jar:9.0.14]
	at org.apache.coyote.http11.Http11Processor.service(Http11Processor.java:408) [tomcat-embed-core-9.0.14.jar:9.0.14]
	at org.apache.coyote.AbstractProcessorLight.process(AbstractProcessorLight.java:66) [tomcat-embed-core-9.0.14.jar:9.0.14]
	at org.apache.coyote.AbstractProtocol$ConnectionHandler.process(AbstractProtocol.java:834) [tomcat-embed-core-9.0.14.jar:9.0.14]
	at org.apache.tomcat.util.net.NioEndpoint$SocketProcessor.doRun(NioEndpoint.java:1417) [tomcat-embed-core-9.0.14.jar:9.0.14]
	at org.apache.tomcat.util.net.SocketProcessorBase.run(SocketProcessorBase.java:49) [tomcat-embed-core-9.0.14.jar:9.0.14]
	at java.util.concurrent.ThreadPoolExecutor.runWorker(ThreadPoolExecutor.java:1149) [?:1.8.0_251]
	at java.util.concurrent.ThreadPoolExecutor$Worker.run(ThreadPoolExecutor.java:624) [?:1.8.0_251]
	at org.apache.tomcat.util.threads.TaskThread$WrappingRunnable.run(TaskThread.java:61) [tomcat-embed-core-9.0.14.jar:9.0.14]
	at java.lang.Thread.run(Thread.java:748) [?:1.8.0_251]
2020-08-20 08:52:03.350 [http-nio-8088-exec-1] DEBUG com.my.blog.website.service.impl.ContentServiceImpl - Enter getContents method
2020-08-20 08:52:03.671 [http-nio-8088-exec-1] DEBUG com.my.blog.website.service.impl.ContentServiceImpl - Exit getContents method
2020-08-20 08:52:21.146 [http-nio-8088-exec-10] DEBUG com.my.blog.website.service.impl.SiteServiceImpl - Enter getArchives method
2020-08-20 08:52:21.193 [http-nio-8088-exec-10] DEBUG com.my.blog.website.service.impl.SiteServiceImpl - Exit getArchives method
2020-08-20 08:57:00.466 [http-nio-8088-exec-8] INFO  com.my.blog.website.controller.admin.IndexController - Enter admin index method
2020-08-20 08:57:00.467 [http-nio-8088-exec-8] DEBUG com.my.blog.website.service.impl.SiteServiceImpl - Enter recentComments method:limit=5
2020-08-20 08:57:00.558 [http-nio-8088-exec-8] DEBUG com.my.blog.website.service.impl.SiteServiceImpl - Exit recentComments method
2020-08-20 08:57:00.558 [http-nio-8088-exec-8] DEBUG com.my.blog.website.service.impl.SiteServiceImpl - Enter recentContents method
2020-08-20 08:57:00.613 [http-nio-8088-exec-8] DEBUG com.my.blog.website.service.impl.SiteServiceImpl - Exit recentContents method
2020-08-20 08:57:00.613 [http-nio-8088-exec-8] DEBUG com.my.blog.website.service.impl.SiteServiceImpl - Enter getStatistics method
2020-08-20 08:57:00.676 [http-nio-8088-exec-8] DEBUG com.my.blog.website.service.impl.SiteServiceImpl - Exit getStatistics method
2020-08-20 08:57:00.676 [http-nio-8088-exec-8] DEBUG com.my.blog.website.service.impl.LogServiceImpl - Enter getLogs method:page=1,linit=5
2020-08-20 08:57:00.705 [http-nio-8088-exec-8] DEBUG com.my.blog.website.service.impl.LogServiceImpl - Exit getLogs method
2020-08-20 08:57:00.705 [http-nio-8088-exec-8] INFO  com.my.blog.website.controller.admin.IndexController - Exit admin index method
2020-08-20 08:57:49.014 [http-nio-8088-exec-7] INFO  com.my.blog.website.controller.admin.IndexController - Enter admin index method
2020-08-20 08:57:49.014 [http-nio-8088-exec-7] DEBUG com.my.blog.website.service.impl.SiteServiceImpl - Enter recentComments method:limit=5
2020-08-20 08:57:49.026 [http-nio-8088-exec-7] DEBUG com.my.blog.website.service.impl.SiteServiceImpl - Exit recentComments method
2020-08-20 08:57:49.027 [http-nio-8088-exec-7] DEBUG com.my.blog.website.service.impl.SiteServiceImpl - Enter recentContents method
2020-08-20 08:57:49.041 [http-nio-8088-exec-7] DEBUG com.my.blog.website.service.impl.SiteServiceImpl - Exit recentContents method
2020-08-20 08:57:49.041 [http-nio-8088-exec-7] DEBUG com.my.blog.website.service.impl.SiteServiceImpl - Enter getStatistics method
2020-08-20 08:57:49.062 [http-nio-8088-exec-7] DEBUG com.my.blog.website.service.impl.SiteServiceImpl - Exit getStatistics method
2020-08-20 08:57:49.062 [http-nio-8088-exec-7] DEBUG com.my.blog.website.service.impl.LogServiceImpl - Enter getLogs method:page=1,linit=5
2020-08-20 08:57:49.073 [http-nio-8088-exec-7] DEBUG com.my.blog.website.service.impl.LogServiceImpl - Exit getLogs method
2020-08-20 08:57:49.073 [http-nio-8088-exec-7] INFO  com.my.blog.website.controller.admin.IndexController - Exit admin index method
2020-08-20 09:01:47.751 [http-nio-8088-exec-8] DEBUG com.my.blog.website.service.impl.ContentServiceImpl - Enter getContents method
2020-08-20 09:01:47.786 [http-nio-8088-exec-8] DEBUG com.my.blog.website.service.impl.ContentServiceImpl - Exit getContents method
2020-08-20 09:04:16.369 [http-nio-8088-exec-1] INFO  com.my.blog.website.controller.admin.IndexController - Enter admin index method
2020-08-20 09:04:16.370 [http-nio-8088-exec-1] DEBUG com.my.blog.website.service.impl.SiteServiceImpl - Enter recentComments method:limit=5
2020-08-20 09:04:16.384 [http-nio-8088-exec-1] DEBUG com.my.blog.website.service.impl.SiteServiceImpl - Exit recentComments method
2020-08-20 09:04:16.384 [http-nio-8088-exec-1] DEBUG com.my.blog.website.service.impl.SiteServiceImpl - Enter recentContents method
2020-08-20 09:04:16.399 [http-nio-8088-exec-1] DEBUG com.my.blog.website.service.impl.SiteServiceImpl - Exit recentContents method
2020-08-20 09:04:16.399 [http-nio-8088-exec-1] DEBUG com.my.blog.website.service.impl.SiteServiceImpl - Enter getStatistics method
2020-08-20 09:04:16.428 [http-nio-8088-exec-1] DEBUG com.my.blog.website.service.impl.SiteServiceImpl - Exit getStatistics method
2020-08-20 09:04:16.428 [http-nio-8088-exec-1] DEBUG com.my.blog.website.service.impl.LogServiceImpl - Enter getLogs method:page=1,linit=5
2020-08-20 09:04:16.443 [http-nio-8088-exec-1] DEBUG com.my.blog.website.service.impl.LogServiceImpl - Exit getLogs method
2020-08-20 09:04:16.443 [http-nio-8088-exec-1] INFO  com.my.blog.website.controller.admin.IndexController - Exit admin index method
2020-08-20 09:05:24.850 [http-nio-8088-exec-7] INFO  com.my.blog.website.controller.admin.IndexController - Enter admin index method
2020-08-20 09:05:24.850 [http-nio-8088-exec-7] DEBUG com.my.blog.website.service.impl.SiteServiceImpl - Enter recentComments method:limit=5
2020-08-20 09:05:24.918 [http-nio-8088-exec-7] DEBUG com.my.blog.website.service.impl.SiteServiceImpl - Exit recentComments method
2020-08-20 09:05:24.918 [http-nio-8088-exec-7] DEBUG com.my.blog.website.service.impl.SiteServiceImpl - Enter recentContents method
2020-08-20 09:05:24.950 [http-nio-8088-exec-7] DEBUG com.my.blog.website.service.impl.SiteServiceImpl - Exit recentContents method
2020-08-20 09:05:24.950 [http-nio-8088-exec-7] DEBUG com.my.blog.website.service.impl.SiteServiceImpl - Enter getStatistics method
2020-08-20 09:05:24.988 [http-nio-8088-exec-7] DEBUG com.my.blog.website.service.impl.SiteServiceImpl - Exit getStatistics method
2020-08-20 09:05:24.988 [http-nio-8088-exec-7] DEBUG com.my.blog.website.service.impl.LogServiceImpl - Enter getLogs method:page=1,linit=5
2020-08-20 09:05:25.013 [http-nio-8088-exec-7] DEBUG com.my.blog.website.service.impl.LogServiceImpl - Exit getLogs method
2020-08-20 09:05:25.013 [http-nio-8088-exec-7] INFO  com.my.blog.website.controller.admin.IndexController - Exit admin index method
2020-08-20 09:07:35.528 [http-nio-8088-exec-10] INFO  com.my.blog.website.controller.admin.IndexController - Enter admin index method
2020-08-20 09:07:35.529 [http-nio-8088-exec-10] DEBUG com.my.blog.website.service.impl.SiteServiceImpl - Enter recentComments method:limit=5
2020-08-20 09:07:35.617 [http-nio-8088-exec-10] DEBUG com.my.blog.website.service.impl.SiteServiceImpl - Exit recentComments method
2020-08-20 09:07:35.617 [http-nio-8088-exec-10] DEBUG com.my.blog.website.service.impl.SiteServiceImpl - Enter recentContents method
2020-08-20 09:07:35.658 [http-nio-8088-exec-10] DEBUG com.my.blog.website.service.impl.SiteServiceImpl - Exit recentContents method
2020-08-20 09:07:35.658 [http-nio-8088-exec-10] DEBUG com.my.blog.website.service.impl.SiteServiceImpl - Enter getStatistics method
2020-08-20 09:07:35.701 [http-nio-8088-exec-10] DEBUG com.my.blog.website.service.impl.SiteServiceImpl - Exit getStatistics method
2020-08-20 09:07:35.701 [http-nio-8088-exec-10] DEBUG com.my.blog.website.service.impl.LogServiceImpl - Enter getLogs method:page=1,linit=5
2020-08-20 09:07:35.725 [http-nio-8088-exec-10] DEBUG com.my.blog.website.service.impl.LogServiceImpl - Exit getLogs method
2020-08-20 09:07:35.726 [http-nio-8088-exec-10] INFO  com.my.blog.website.controller.admin.IndexController - Exit admin index method
2020-08-20 09:07:40.077 [http-nio-8088-exec-1] DEBUG com.my.blog.website.service.impl.ContentServiceImpl - Enter getContents method
2020-08-20 09:07:40.099 [http-nio-8088-exec-1] DEBUG com.my.blog.website.service.impl.ContentServiceImpl - Exit getContents method
2020-08-20 09:08:30.447 [http-nio-8088-exec-4] DEBUG com.my.blog.website.service.impl.OptionServiceImpl - Enter insertOption method:name=site_record,value=00000
2020-08-20 09:08:30.457 [http-nio-8088-exec-4] DEBUG com.my.blog.website.service.impl.OptionServiceImpl - Exit insertOption method.
2020-08-20 09:08:30.457 [http-nio-8088-exec-4] DEBUG com.my.blog.website.service.impl.OptionServiceImpl - Enter insertOption method:name=site_description,value=小练习
2020-08-20 09:08:30.464 [http-nio-8088-exec-4] DEBUG com.my.blog.website.service.impl.OptionServiceImpl - Exit insertOption method.
2020-08-20 09:08:30.464 [http-nio-8088-exec-4] DEBUG com.my.blog.website.service.impl.OptionServiceImpl - Enter insertOption method:name=site_title,value=数据结构管理
2020-08-20 09:08:30.471 [http-nio-8088-exec-4] DEBUG com.my.blog.website.service.impl.OptionServiceImpl - Exit insertOption method.
2020-08-20 09:08:30.471 [http-nio-8088-exec-4] DEBUG com.my.blog.website.service.impl.OptionServiceImpl - Enter insertOption method:name=site_theme,value=default
2020-08-20 09:08:30.478 [http-nio-8088-exec-4] DEBUG com.my.blog.website.service.impl.OptionServiceImpl - Exit insertOption method.
2020-08-20 09:08:30.478 [http-nio-8088-exec-4] DEBUG com.my.blog.website.service.impl.OptionServiceImpl - Enter insertOption method:name=allow_install,value=
2020-08-20 09:08:30.485 [http-nio-8088-exec-4] DEBUG com.my.blog.website.service.impl.OptionServiceImpl - Exit insertOption method.
2020-08-20 09:08:36.255 [http-nio-8088-exec-2] DEBUG com.my.blog.website.service.impl.ContentServiceImpl - Enter getContents method
2020-08-20 09:08:36.280 [http-nio-8088-exec-2] DEBUG com.my.blog.website.service.impl.ContentServiceImpl - Exit getContents method
2020-08-20 09:08:49.333 [http-nio-8088-exec-6] DEBUG com.my.blog.website.service.impl.SiteServiceImpl - Enter getArchives method
2020-08-20 09:08:49.364 [http-nio-8088-exec-6] DEBUG com.my.blog.website.service.impl.SiteServiceImpl - Exit getArchives method
2020-08-20 09:11:33.037 [http-nio-8088-exec-10] DEBUG com.my.blog.website.service.impl.SiteServiceImpl - Enter getArchives method
2020-08-20 09:11:33.067 [http-nio-8088-exec-10] DEBUG com.my.blog.website.service.impl.SiteServiceImpl - Exit getArchives method
2020-08-20 09:17:55.548 [http-nio-8088-exec-5] DEBUG com.my.blog.website.service.impl.ContentServiceImpl - Enter getContents method
2020-08-20 09:17:55.562 [http-nio-8088-exec-5] DEBUG com.my.blog.website.service.impl.ContentServiceImpl - Exit getContents method
2020-08-20 09:18:29.170 [http-nio-8088-exec-6] DEBUG com.my.blog.website.service.impl.OptionServiceImpl - Enter insertOption method:name=site_record,value=00000
2020-08-20 09:18:29.176 [http-nio-8088-exec-6] DEBUG com.my.blog.website.service.impl.OptionServiceImpl - Exit insertOption method.
2020-08-20 09:18:29.176 [http-nio-8088-exec-6] DEBUG com.my.blog.website.service.impl.OptionServiceImpl - Enter insertOption method:name=site_description,value=
2020-08-20 09:18:29.191 [http-nio-8088-exec-6] DEBUG com.my.blog.website.service.impl.OptionServiceImpl - Exit insertOption method.
2020-08-20 09:18:29.191 [http-nio-8088-exec-6] DEBUG com.my.blog.website.service.impl.OptionServiceImpl - Enter insertOption method:name=site_title,value=数据结构知识点管理
2020-08-20 09:18:29.199 [http-nio-8088-exec-6] DEBUG com.my.blog.website.service.impl.OptionServiceImpl - Exit insertOption method.
2020-08-20 09:18:29.199 [http-nio-8088-exec-6] DEBUG com.my.blog.website.service.impl.OptionServiceImpl - Enter insertOption method:name=site_theme,value=default
2020-08-20 09:18:29.206 [http-nio-8088-exec-6] DEBUG com.my.blog.website.service.impl.OptionServiceImpl - Exit insertOption method.
2020-08-20 09:18:29.206 [http-nio-8088-exec-6] DEBUG com.my.blog.website.service.impl.OptionServiceImpl - Enter insertOption method:name=allow_install,value=
2020-08-20 09:18:29.213 [http-nio-8088-exec-6] DEBUG com.my.blog.website.service.impl.OptionServiceImpl - Exit insertOption method.
2020-08-20 09:23:17.721 [http-nio-8088-exec-8] INFO  com.my.blog.website.controller.admin.IndexController - Enter admin index method
2020-08-20 09:23:17.721 [http-nio-8088-exec-8] DEBUG com.my.blog.website.service.impl.SiteServiceImpl - Enter recentComments method:limit=5
2020-08-20 09:23:17.799 [http-nio-8088-exec-8] DEBUG com.my.blog.website.service.impl.SiteServiceImpl - Exit recentComments method
2020-08-20 09:23:17.799 [http-nio-8088-exec-8] DEBUG com.my.blog.website.service.impl.SiteServiceImpl - Enter recentContents method
2020-08-20 09:23:17.831 [http-nio-8088-exec-8] DEBUG com.my.blog.website.service.impl.SiteServiceImpl - Exit recentContents method
2020-08-20 09:23:17.832 [http-nio-8088-exec-8] DEBUG com.my.blog.website.service.impl.SiteServiceImpl - Enter getStatistics method
2020-08-20 09:23:17.866 [http-nio-8088-exec-8] DEBUG com.my.blog.website.service.impl.SiteServiceImpl - Exit getStatistics method
2020-08-20 09:23:17.867 [http-nio-8088-exec-8] DEBUG com.my.blog.website.service.impl.LogServiceImpl - Enter getLogs method:page=1,linit=5
2020-08-20 09:23:17.898 [http-nio-8088-exec-8] DEBUG com.my.blog.website.service.impl.LogServiceImpl - Exit getLogs method
2020-08-20 09:23:17.898 [http-nio-8088-exec-8] INFO  com.my.blog.website.controller.admin.IndexController - Exit admin index method
2020-08-20 09:23:47.502 [http-nio-8088-exec-10] DEBUG com.my.blog.website.service.impl.SiteServiceImpl - Enter getArchives method
2020-08-20 09:23:47.529 [http-nio-8088-exec-10] DEBUG com.my.blog.website.service.impl.SiteServiceImpl - Exit getArchives method
2020-08-20 09:23:51.726 [http-nio-8088-exec-1] DEBUG com.my.blog.website.service.impl.ContentServiceImpl - Enter getContents method
2020-08-20 09:23:51.744 [http-nio-8088-exec-1] DEBUG com.my.blog.website.service.impl.ContentServiceImpl - Exit getContents method
2020-08-20 09:26:38.430 [http-nio-8088-exec-1] DEBUG com.my.blog.website.service.impl.ContentServiceImpl - Enter getContents method
2020-08-20 09:26:38.742 [http-nio-8088-exec-1] DEBUG com.my.blog.website.service.impl.ContentServiceImpl - Exit getContents method
2020-08-20 09:26:43.003 [http-nio-8088-exec-2] DEBUG com.my.blog.website.service.impl.ContentServiceImpl - Enter getContents method
2020-08-20 09:26:43.021 [http-nio-8088-exec-2] DEBUG com.my.blog.website.service.impl.ContentServiceImpl - Exit getContents method
2020-08-20 09:27:16.695 [http-nio-8088-exec-1] DEBUG com.my.blog.website.service.impl.ContentServiceImpl - Enter getContents method
2020-08-20 09:27:17.018 [http-nio-8088-exec-1] DEBUG com.my.blog.website.service.impl.ContentServiceImpl - Exit getContents method
2020-08-20 09:27:36.966 [http-nio-8088-exec-9] INFO  com.my.blog.website.controller.admin.IndexController - Enter admin index method
2020-08-20 09:27:36.966 [http-nio-8088-exec-9] DEBUG com.my.blog.website.service.impl.SiteServiceImpl - Enter recentComments method:limit=5
2020-08-20 09:27:36.996 [http-nio-8088-exec-9] DEBUG com.my.blog.website.service.impl.SiteServiceImpl - Exit recentComments method
2020-08-20 09:27:36.996 [http-nio-8088-exec-9] DEBUG com.my.blog.website.service.impl.SiteServiceImpl - Enter recentContents method
2020-08-20 09:27:37.029 [http-nio-8088-exec-9] DEBUG com.my.blog.website.service.impl.SiteServiceImpl - Exit recentContents method
2020-08-20 09:27:37.029 [http-nio-8088-exec-9] DEBUG com.my.blog.website.service.impl.SiteServiceImpl - Enter getStatistics method
2020-08-20 09:27:37.080 [http-nio-8088-exec-9] DEBUG com.my.blog.website.service.impl.SiteServiceImpl - Exit getStatistics method
2020-08-20 09:27:37.080 [http-nio-8088-exec-9] DEBUG com.my.blog.website.service.impl.LogServiceImpl - Enter getLogs method:page=1,linit=5
2020-08-20 09:27:37.100 [http-nio-8088-exec-9] DEBUG com.my.blog.website.service.impl.LogServiceImpl - Exit getLogs method
2020-08-20 09:27:37.100 [http-nio-8088-exec-9] INFO  com.my.blog.website.controller.admin.IndexController - Exit admin index method
2020-08-20 09:41:50.693 [http-nio-8088-exec-1] DEBUG com.my.blog.website.service.impl.ContentServiceImpl - Enter getContents method
2020-08-20 09:41:51.000 [http-nio-8088-exec-1] DEBUG com.my.blog.website.service.impl.ContentServiceImpl - Exit getContents method
2020-08-20 09:51:19.238 [http-nio-8088-exec-1] DEBUG com.my.blog.website.service.impl.ContentServiceImpl - Enter getContents method
2020-08-20 09:51:19.507 [http-nio-8088-exec-1] DEBUG com.my.blog.website.service.impl.ContentServiceImpl - Exit getContents method
2020-08-20 09:59:55.538 [http-nio-8088-exec-1] DEBUG com.my.blog.website.service.impl.ContentServiceImpl - Enter getContents method
2020-08-20 09:59:55.827 [http-nio-8088-exec-1] DEBUG com.my.blog.website.service.impl.ContentServiceImpl - Exit getContents method
2020-08-20 10:00:03.773 [http-nio-8088-exec-2] DEBUG com.my.blog.website.service.impl.ContentServiceImpl - Enter getContents method
2020-08-20 10:00:03.803 [http-nio-8088-exec-2] DEBUG com.my.blog.website.service.impl.ContentServiceImpl - Exit getContents method
2020-08-20 10:00:14.638 [http-nio-8088-exec-10] INFO  com.my.blog.website.controller.admin.IndexController - Enter admin index method
2020-08-20 10:00:14.639 [http-nio-8088-exec-10] DEBUG com.my.blog.website.service.impl.SiteServiceImpl - Enter recentComments method:limit=5
2020-08-20 10:00:14.671 [http-nio-8088-exec-10] DEBUG com.my.blog.website.service.impl.SiteServiceImpl - Exit recentComments method
2020-08-20 10:00:14.671 [http-nio-8088-exec-10] DEBUG com.my.blog.website.service.impl.SiteServiceImpl - Enter recentContents method
2020-08-20 10:00:14.700 [http-nio-8088-exec-10] DEBUG com.my.blog.website.service.impl.SiteServiceImpl - Exit recentContents method
2020-08-20 10:00:14.700 [http-nio-8088-exec-10] DEBUG com.my.blog.website.service.impl.SiteServiceImpl - Enter getStatistics method
2020-08-20 10:00:14.739 [http-nio-8088-exec-10] DEBUG com.my.blog.website.service.impl.SiteServiceImpl - Exit getStatistics method
2020-08-20 10:00:14.739 [http-nio-8088-exec-10] DEBUG com.my.blog.website.service.impl.LogServiceImpl - Enter getLogs method:page=1,linit=5
2020-08-20 10:00:14.757 [http-nio-8088-exec-10] DEBUG com.my.blog.website.service.impl.LogServiceImpl - Exit getLogs method
2020-08-20 10:00:14.757 [http-nio-8088-exec-10] INFO  com.my.blog.website.controller.admin.IndexController - Exit admin index method
2020-08-20 10:00:20.053 [http-nio-8088-exec-2] INFO  com.my.blog.website.controller.admin.IndexController - Enter admin index method
2020-08-20 10:00:20.053 [http-nio-8088-exec-2] DEBUG com.my.blog.website.service.impl.SiteServiceImpl - Enter recentComments method:limit=5
2020-08-20 10:00:20.067 [http-nio-8088-exec-2] DEBUG com.my.blog.website.service.impl.SiteServiceImpl - Exit recentComments method
2020-08-20 10:00:20.067 [http-nio-8088-exec-2] DEBUG com.my.blog.website.service.impl.SiteServiceImpl - Enter recentContents method
2020-08-20 10:00:20.083 [http-nio-8088-exec-2] DEBUG com.my.blog.website.service.impl.SiteServiceImpl - Exit recentContents method
2020-08-20 10:00:20.083 [http-nio-8088-exec-2] DEBUG com.my.blog.website.service.impl.SiteServiceImpl - Enter getStatistics method
2020-08-20 10:00:20.106 [http-nio-8088-exec-2] DEBUG com.my.blog.website.service.impl.SiteServiceImpl - Exit getStatistics method
2020-08-20 10:00:20.107 [http-nio-8088-exec-2] DEBUG com.my.blog.website.service.impl.LogServiceImpl - Enter getLogs method:page=1,linit=5
2020-08-20 10:00:20.119 [http-nio-8088-exec-2] DEBUG com.my.blog.website.service.impl.LogServiceImpl - Exit getLogs method
2020-08-20 10:00:20.119 [http-nio-8088-exec-2] INFO  com.my.blog.website.controller.admin.IndexController - Exit admin index method
2020-08-20 10:00:22.963 [http-nio-8088-exec-4] INFO  com.my.blog.website.controller.admin.IndexController - Enter admin index method
2020-08-20 10:00:22.963 [http-nio-8088-exec-4] DEBUG com.my.blog.website.service.impl.SiteServiceImpl - Enter recentComments method:limit=5
2020-08-20 10:00:22.977 [http-nio-8088-exec-4] DEBUG com.my.blog.website.service.impl.SiteServiceImpl - Exit recentComments method
2020-08-20 10:00:22.977 [http-nio-8088-exec-4] DEBUG com.my.blog.website.service.impl.SiteServiceImpl - Enter recentContents method
2020-08-20 10:00:22.991 [http-nio-8088-exec-4] DEBUG com.my.blog.website.service.impl.SiteServiceImpl - Exit recentContents method
2020-08-20 10:00:22.991 [http-nio-8088-exec-4] DEBUG com.my.blog.website.service.impl.SiteServiceImpl - Enter getStatistics method
2020-08-20 10:00:23.011 [http-nio-8088-exec-4] DEBUG com.my.blog.website.service.impl.SiteServiceImpl - Exit getStatistics method
2020-08-20 10:00:23.011 [http-nio-8088-exec-4] DEBUG com.my.blog.website.service.impl.LogServiceImpl - Enter getLogs method:page=1,linit=5
2020-08-20 10:00:23.023 [http-nio-8088-exec-4] DEBUG com.my.blog.website.service.impl.LogServiceImpl - Exit getLogs method
2020-08-20 10:00:23.023 [http-nio-8088-exec-4] INFO  com.my.blog.website.controller.admin.IndexController - Exit admin index method
2020-08-20 10:08:02.346 [http-nio-8088-exec-9] DEBUG com.my.blog.website.service.impl.ContentServiceImpl - Enter getContents method
2020-08-20 10:08:02.386 [http-nio-8088-exec-9] DEBUG com.my.blog.website.service.impl.ContentServiceImpl - Exit getContents method
2020-08-20 10:08:09.426 [http-nio-8088-exec-10] INFO  com.my.blog.website.controller.admin.IndexController - Enter admin index method
2020-08-20 10:08:09.426 [http-nio-8088-exec-10] DEBUG com.my.blog.website.service.impl.SiteServiceImpl - Enter recentComments method:limit=5
2020-08-20 10:08:09.442 [http-nio-8088-exec-10] DEBUG com.my.blog.website.service.impl.SiteServiceImpl - Exit recentComments method
2020-08-20 10:08:09.442 [http-nio-8088-exec-10] DEBUG com.my.blog.website.service.impl.SiteServiceImpl - Enter recentContents method
2020-08-20 10:08:09.458 [http-nio-8088-exec-10] DEBUG com.my.blog.website.service.impl.SiteServiceImpl - Exit recentContents method
2020-08-20 10:08:09.458 [http-nio-8088-exec-10] DEBUG com.my.blog.website.service.impl.SiteServiceImpl - Enter getStatistics method
2020-08-20 10:08:09.485 [http-nio-8088-exec-10] DEBUG com.my.blog.website.service.impl.SiteServiceImpl - Exit getStatistics method
2020-08-20 10:08:09.485 [http-nio-8088-exec-10] DEBUG com.my.blog.website.service.impl.LogServiceImpl - Enter getLogs method:page=1,linit=5
2020-08-20 10:08:09.497 [http-nio-8088-exec-10] DEBUG com.my.blog.website.service.impl.LogServiceImpl - Exit getLogs method
2020-08-20 10:08:09.497 [http-nio-8088-exec-10] INFO  com.my.blog.website.controller.admin.IndexController - Exit admin index method
2020-08-20 10:08:14.653 [http-nio-8088-exec-2] INFO  com.my.blog.website.controller.admin.IndexController - Enter admin index method
2020-08-20 10:08:14.654 [http-nio-8088-exec-2] DEBUG com.my.blog.website.service.impl.SiteServiceImpl - Enter recentComments method:limit=5
2020-08-20 10:08:14.673 [http-nio-8088-exec-2] DEBUG com.my.blog.website.service.impl.SiteServiceImpl - Exit recentComments method
2020-08-20 10:08:14.673 [http-nio-8088-exec-2] DEBUG com.my.blog.website.service.impl.SiteServiceImpl - Enter recentContents method
2020-08-20 10:08:14.689 [http-nio-8088-exec-2] DEBUG com.my.blog.website.service.impl.SiteServiceImpl - Exit recentContents method
2020-08-20 10:08:14.689 [http-nio-8088-exec-2] DEBUG com.my.blog.website.service.impl.SiteServiceImpl - Enter getStatistics method
2020-08-20 10:08:14.710 [http-nio-8088-exec-2] DEBUG com.my.blog.website.service.impl.SiteServiceImpl - Exit getStatistics method
2020-08-20 10:08:14.710 [http-nio-8088-exec-2] DEBUG com.my.blog.website.service.impl.LogServiceImpl - Enter getLogs method:page=1,linit=5
2020-08-20 10:08:14.721 [http-nio-8088-exec-2] DEBUG com.my.blog.website.service.impl.LogServiceImpl - Exit getLogs method
2020-08-20 10:08:14.721 [http-nio-8088-exec-2] INFO  com.my.blog.website.controller.admin.IndexController - Exit admin index method
2020-08-20 10:08:58.259 [http-nio-8088-exec-8] INFO  com.my.blog.website.controller.admin.IndexController - Enter admin index method
2020-08-20 10:08:58.260 [http-nio-8088-exec-8] DEBUG com.my.blog.website.service.impl.SiteServiceImpl - Enter recentComments method:limit=5
2020-08-20 10:08:58.338 [http-nio-8088-exec-8] DEBUG com.my.blog.website.service.impl.SiteServiceImpl - Exit recentComments method
2020-08-20 10:08:58.338 [http-nio-8088-exec-8] DEBUG com.my.blog.website.service.impl.SiteServiceImpl - Enter recentContents method
2020-08-20 10:08:58.368 [http-nio-8088-exec-8] DEBUG com.my.blog.website.service.impl.SiteServiceImpl - Exit recentContents method
2020-08-20 10:08:58.368 [http-nio-8088-exec-8] DEBUG com.my.blog.website.service.impl.SiteServiceImpl - Enter getStatistics method
2020-08-20 10:08:58.406 [http-nio-8088-exec-8] DEBUG com.my.blog.website.service.impl.SiteServiceImpl - Exit getStatistics method
2020-08-20 10:08:58.406 [http-nio-8088-exec-8] DEBUG com.my.blog.website.service.impl.LogServiceImpl - Enter getLogs method:page=1,linit=5
2020-08-20 10:08:58.436 [http-nio-8088-exec-8] DEBUG com.my.blog.website.service.impl.LogServiceImpl - Exit getLogs method
2020-08-20 10:08:58.436 [http-nio-8088-exec-8] INFO  com.my.blog.website.controller.admin.IndexController - Exit admin index method
2020-08-20 10:10:11.437 [http-nio-8088-exec-9] INFO  com.my.blog.website.controller.admin.IndexController - Enter admin index method
2020-08-20 10:10:11.437 [http-nio-8088-exec-9] DEBUG com.my.blog.website.service.impl.SiteServiceImpl - Enter recentComments method:limit=5
2020-08-20 10:10:11.450 [http-nio-8088-exec-9] DEBUG com.my.blog.website.service.impl.SiteServiceImpl - Exit recentComments method
2020-08-20 10:10:11.450 [http-nio-8088-exec-9] DEBUG com.my.blog.website.service.impl.SiteServiceImpl - Enter recentContents method
2020-08-20 10:10:11.464 [http-nio-8088-exec-9] DEBUG com.my.blog.website.service.impl.SiteServiceImpl - Exit recentContents method
2020-08-20 10:10:11.464 [http-nio-8088-exec-9] DEBUG com.my.blog.website.service.impl.SiteServiceImpl - Enter getStatistics method
2020-08-20 10:10:11.484 [http-nio-8088-exec-9] DEBUG com.my.blog.website.service.impl.SiteServiceImpl - Exit getStatistics method
2020-08-20 10:10:11.484 [http-nio-8088-exec-9] DEBUG com.my.blog.website.service.impl.LogServiceImpl - Enter getLogs method:page=1,linit=5
2020-08-20 10:10:11.496 [http-nio-8088-exec-9] DEBUG com.my.blog.website.service.impl.LogServiceImpl - Exit getLogs method
2020-08-20 10:10:11.496 [http-nio-8088-exec-9] INFO  com.my.blog.website.controller.admin.IndexController - Exit admin index method
